The system is: Windows - 10.0.19041 - AMD64
Compiling the C compiler identification source file "CMakeCCompilerId.c" succeeded.
Compiler: D:/Android/Sdk/ndk-bundle/toolchains/llvm/prebuilt/windows-x86_64/bin/clang.exe 
Build flags: 
Id flags: -c 

The output was:
0


Compilation of the C compiler identification source "CMakeCCompilerId.c" produced "CMakeCCompilerId.o"

The C compiler identification is Clang, found in "D:/CLionProjects/7.1/cmake-build-debug/CMakeFiles/3.16.5/CompilerIdC/CMakeCCompilerId.o"

Compiling the CXX compiler identification source file "CMakeCXXCompilerId.cpp" succeeded.
Compiler: D:/Android/Sdk/ndk-bundle/toolchains/llvm/prebuilt/windows-x86_64/bin/clang++.exe 
Build flags: 
Id flags: -c 

The output was:
0


Compilation of the CXX compiler identification source "CMakeCXXCompilerId.cpp" produced "CMakeCXXCompilerId.o"

The CXX compiler identification is Clang, found in "D:/CLionProjects/7.1/cmake-build-debug/CMakeFiles/3.16.5/CompilerIdCXX/CMakeCXXCompilerId.o"

Compiling the C compiler identification source file "CMakeCCompilerId.c" succeeded.
Compiler: D:/Android/Sdk/ndk-bundle/toolchains/llvm/prebuilt/windows-x86_64/bin/clang.exe 
Build flags: 
Id flags: -c 

The output was:
0


Compilation of the C compiler identification source "CMakeCCompilerId.c" produced "CMakeCCompilerId.o"

The C compiler identification is Clang, found in "D:/CLionProjects/7.1/cmake-build-debug/CMakeFiles/3.16.5/CompilerIdC/CMakeCCompilerId.o"

Compiling the CXX compiler identification source file "CMakeCXXCompilerId.cpp" succeeded.
Compiler: D:/Android/Sdk/ndk-bundle/toolchains/llvm/prebuilt/windows-x86_64/bin/clang++.exe 
Build flags: 
Id flags: -c 

The output was:
0


Compilation of the CXX compiler identification source "CMakeCXXCompilerId.cpp" produced "CMakeCXXCompilerId.o"

The CXX compiler identification is Clang, found in "D:/CLionProjects/7.1/cmake-build-debug/CMakeFiles/3.16.5/CompilerIdCXX/CMakeCXXCompilerId.o"

